#
# A fatal error has been detected by the Java Runtime Environment:
#
#  EXCEPTION_ACCESS_VIOLATION (0xc0000005) at pc=0x000002d5194df8a2, pid=7852, tid=12584
#
# JRE version: Java(TM) SE Runtime Environment (17.0.3.1+2) (build 17.0.3.1+2-LTS-6)
# Java VM: Java HotSpot(TM) 64-Bit Server VM (17.0.3.1+2-LTS-6, mixed mode, sharing, tiered, compressed oops, compressed class ptrs, g1 gc, windows-amd64)
# Problematic frame:
# J 348 c1 java.util.regex.Pattern.expr(Ljava/util/regex/Pattern$Node;)Ljava/util/regex/Pattern$Node; java.base@17.0.3.1 (142 bytes) @ 0x000002d5194df8a2 [0x000002d5194df1e0+0x00000000000006c2]
#
# No core dump will be written. Minidumps are not enabled by default on client versions of Windows
#
# If you would like to submit a bug report, please visit:
#   https://bugreport.java.com/bugreport/crash.jsp
#

---------------  S U M M A R Y ------------

Command Line: -Xmx64m -Xms64m -Dorg.gradle.appname=gradlew org.gradle.wrapper.GradleWrapperMain genSource

Host: AMD Ryzen 5 2600 Six-Core Processor            , 12 cores, 15G,  Windows 10 , 64 bit Build 19041 (10.0.19041.1706)
Time: Mon May 16 15:01:43 2022 Pacific Daylight Time elapsed time: 0.188819 seconds (0d 0h 0m 0s)

---------------  T H R E A D  ---------------

Current thread (0x000002d51163d510):  JavaThread "main" [_thread_in_Java, id=12584, stack(0x000000de5cc00000,0x000000de5cd00000)]

Stack: [0x000000de5cc00000,0x000000de5cd00000],  sp=0x000000de5ccfe0e0,  free space=1016k
Native frames: (J=compiled Java code, j=interpreted, Vv=VM code, C=native code)
C  0x000002d5194df8a2


siginfo: EXCEPTION_ACCESS_VIOLATION (0xc0000005), writing address 0x00000000000000a8


Register to memory mapping:

RIP=0x000002d5194df8a2 is at entry_point+1730 in (nmethod*)0x000002d5194def90
RAX=0x0 is NULL
RBX=0x00000000ff898358 is an oop: java.util.regex.Pattern$Slice 
{0x00000000ff898358} - klass: 'java/util/regex/Pattern$Slice'
 - ---- fields (total size 3 words):
 - 'next' 'Ljava/util/regex/Pattern$Node;' @12  a 'java/util/regex/Pattern$LastNode'{0x00000000ffe31a38} (ffe31a38)
 - 'buffer' '[I' @16  [I{0x00000000ff898338} (ff898338)
RCX=0x000002d52b4e5cf0 is pointing into metadata
RDX=0x00000000ff897db0 is an oop: java.util.regex.Pattern 
{0x00000000ff897db0} - klass: 'java/util/regex/Pattern'
 - ---- fields (total size 11 words):
 - private 'flags' 'I' @12  0
 - private transient 'flags0' 'I' @16  0
 - transient 'localTCNCount' 'I' @20  0
 - transient 'capturingGroupCount' 'I' @24  1
 - transient 'localCount' 'I' @28  0
 - private transient 'cursor' 'I' @32  37 (25)
 - private transient 'patternLength' 'I' @36  37 (25)
 - private volatile transient 'compiled' 'Z' @40  false
 - transient 'hasGroupRef' 'Z' @41  false
 - private transient 'hasSupplementary' 'Z' @42  false
 - private 'pattern' 'Ljava/lang/String;' @44  "\Qgradle-normalization-java\E-\d.*\.jar"{0x00000000ff897d60} (ff897d60)
 - private transient 'normalizedPattern' 'Ljava/lang/String;' @48  "\Qgradle-normalization-java\E-\d.*\.jar"{0x00000000ff897d60} (ff897d60)
 - transient 'root' 'Ljava/util/regex/Pattern$Node;' @52  a 'java/util/regex/Pattern$Slice'{0x00000000ff898358} (ff898358)
 - transient 'matchRoot' 'Ljava/util/regex/Pattern$Node;' @56  NULL (0)
 - transient 'buffer' '[I' @60  [I{0x00000000ff898148} (ff898148)
 - transient 'predicate' 'Ljava/util/regex/Pattern$CharPredicate;' @64  a 'java/util/regex/CharPredicates$$Lambda$20+0x800000029'{0x00000000ffcef638} (ffcef638)
 - volatile transient 'namedGroups' 'Ljava/util/Map;' @68  NULL (0)
 - transient 'groupNodes' '[Ljava/util/regex/Pattern$GroupHead;' @72  a 'java/util/regex/Pattern$GroupHead'[10] {0x00000000ff8981d8} (ff8981d8)
 - transient 'topClosureNodes' 'Ljava/util/List;' @76  a 'java/util/ArrayList'{0x00000000ff898210} (ff898210)
 - private transient 'temp' '[I' @80  [I{0x00000000ff898098} (ff898098)
RSP=0x000000de5ccfe0e0 is pointing into the stack for thread: 0x000002d51163d510
RBP=0x000000de5ccfe300 is pointing into the stack for thread: 0x000002d51163d510
RSI=0x0 is NULL
RDI=0x0 is NULL
R8 =0x00000000ff8982d8 is an oop: java.util.regex.Pattern$Slice 
{0x00000000ff8982d8} - klass: 'java/util/regex/Pattern$Slice'
 - ---- fields (total size 3 words):
 - 'next' 'Ljava/util/regex/Pattern$Node;' @12  a 'java/util/regex/Pattern$BmpCharProperty'{0x00000000ff8982f0} (ff8982f0)
 - 'buffer' '[I' @16  [I{0x00000000ff898260} (ff898260)
R9 =0x0000000000000148 is an unknown value
R10=0x00007ffc95aeab03 jvm.dll
R11=0x0000000000000a76 is an unknown value
R12=0x0 is NULL
R13=0x000002d5194df2b4 is at entry_point+212 in (nmethod*)0x000002d5194def90
R14=0x000000de5ccfe0d0 is pointing into the stack for thread: 0x000002d51163d510
R15=0x000002d51163d510 is a thread


Registers:
RAX=0x0000000000000000, RBX=0x00000000ff898358, RCX=0x000002d52b4e5cf0, RDX=0x00000000ff897db0
RSP=0x000000de5ccfe0e0, RBP=0x000000de5ccfe300, RSI=0x0000000000000000, RDI=0x0000000000000000
R8 =0x00000000ff8982d8, R9 =0x0000000000000148, R10=0x00007ffc95aeab03, R11=0x0000000000000a76
R12=0x0000000000000000, R13=0x000002d5194df2b4, R14=0x000000de5ccfe0d0, R15=0x000002d51163d510
RIP=0x000002d5194df8a2, EFLAGS=0x0000000000010246

Top of Stack: (sp=0x000000de5ccfe0e0)
0x000000de5ccfe0e0:   00000000ff898098 00007ffc00000027
0x000000de5ccfe0f0:   00000000ff897ec0 000002d5194ac60c
0x000000de5ccfe100:   0000000000000011 00007ffc958d96f8
0x000000de5ccfe110:   000002d51163d510 0000000800c0eda8
0x000000de5ccfe120:   000000de5ccfe358 000002d51947d654
0x000000de5ccfe130:   000000de5ccfe3e0 000002d51947d012
0x000000de5ccfe140:   00000000ff897db0 0000000000000000
0x000000de5ccfe150:   0000000000000000 0000000000000000
0x000000de5ccfe160:   00000000ffe31a38 0000000000000000
0x000000de5ccfe170:   000000000000001e 0000000000000002
0x000000de5ccfe180:   0000000000000000 000000de00000027
0x000000de5ccfe190:   00000000ff897ec0 000000de5ccfe230
0x000000de5ccfe1a0:   00000008000275a8 0000000000000000
0x000000de5ccfe1b0:   000000de5ccfe300 000002d5194a5694
0x000000de5ccfe1c0:   0000000000000000 000000de5ccfe210
0x000000de5ccfe1d0:   000000de5ccfe280 000002d518ec9612 

Instructions: (pc=0x000002d5194df8a2)
0x000002d5194df7a2:   ff 1f 00 83 f9 00 0f 84 bc 03 00 00 8b 42 50 8b
0x000002d5194df7b2:   4a 20 3b 48 0c 0f 83 d8 03 00 00 48 63 c9 8b 44
0x000002d5194df7c2:   88 10 48 8b ca 49 b9 f0 5c 4e 2b d5 02 00 00 49
0x000002d5194df7d2:   83 81 10 01 00 00 01 48 b9 98 47 4e 2b d5 02 00
0x000002d5194df7e2:   00 44 8b 89 cc 00 00 00 41 83 c1 02 44 89 89 cc
0x000002d5194df7f2:   00 00 00 41 81 e1 fe ff 1f 00 41 83 f9 00 0f 84
0x000002d5194df802:   9d 03 00 00 8b 4a 10 83 e1 04 83 f9 00 48 b9 98
0x000002d5194df812:   47 4e 2b d5 02 00 00 49 b9 10 01 00 00 00 00 00
0x000002d5194df822:   00 0f 84 0a 00 00 00 49 b9 20 01 00 00 00 00 00
0x000002d5194df832:   00 4e 8b 1c 09 4d 8d 5b 01 4e 89 1c 09 0f 84 1a
0x000002d5194df842:   00 00 00 48 b9 98 47 4e 2b d5 02 00 00 ff 81 30
0x000002d5194df852:   01 00 00 b9 01 00 00 00 e9 05 00 00 00 b9 00 00
0x000002d5194df862:   00 00 83 e1 01 83 f9 00 48 b9 f0 5c 4e 2b d5 02
0x000002d5194df872:   00 00 49 b9 48 01 00 00 00 00 00 00 0f 84 0a 00
0x000002d5194df882:   00 00 49 b9 58 01 00 00 00 00 00 00 4e 8b 1c 09
0x000002d5194df892:   4d 8d 5b 01 4e 89 1c 09 48 89 b4 24 a0 00 00 00
0x000002d5194df8a2:   49 89 bc 24 a8 00 00 00 48 89 9c 24 b0 00 00 00
0x000002d5194df8b2:   4c 89 84 24 b8 00 00 00 0f 84 24 00 00 00 48 8b
0x000002d5194df8c2:   ca 49 b9 f0 5c 4e 2b d5 02 00 00 49 83 81 68 01
0x000002d5194df8d2:   00 00 01 4c 8b c0 48 8b c2 48 8b d0 90 e8 9c d4
0x000002d5194df8e2:   a2 ff 83 f8 7c 48 ba 90 a7 4e 2b d5 02 00 00 48
0x000002d5194df8f2:   be e8 02 00 00 00 00 00 00 0f 85 0a 00 00 00 48
0x000002d5194df902:   be d8 02 00 00 00 00 00 00 48 8b 3c 32 48 8d 7f
0x000002d5194df912:   01 48 89 3c 32 0f 85 b2 00 00 00 48 8b 54 24 60
0x000002d5194df922:   48 b8 90 a7 4e 2b d5 02 00 00 48 83 80 f8 02 00
0x000002d5194df932:   00 01 48 8b 54 24 60 66 0f 1f 44 00 00 e8 3c d4
0x000002d5194df942:   a2 ff 48 b8 90 a7 4e 2b d5 02 00 00 8b b0 d0 00
0x000002d5194df952:   00 00 83 c6 02 89 b0 d0 00 00 00 81 e6 fe 3f 00
0x000002d5194df962:   00 83 fe 00 0f 84 58 02 00 00 4d 8b 97 48 03 00
0x000002d5194df972:   00 41 85 02 48 b8 90 a7 4e 2b d5 02 00 00 ff 80
0x000002d5194df982:   30 03 00 00 48 8b b4 24 a0 00 00 00 48 8b bc 24
0x000002d5194df992:   a8 00 00 00 48 8b 9c 24 b0 00 00 00 48 8b 84 24 


Stack slot to memory mapping:
stack at sp + 0 slots: 0x00000000ff898098 is an oop: [I 
{0x00000000ff898098} - klass: {type array int}
 - length: 39
stack at sp + 1 slots: 0x00007ffc00000027 is an unknown value
stack at sp + 2 slots: 0x00000000ff897ec0 is an oop: [I 
{0x00000000ff897ec0} - klass: {type array int}
 - length: 113
stack at sp + 3 slots: 0x000002d5194ac60c is at entry_point+3116 in (nmethod*)0x000002d5194ab710
stack at sp + 4 slots: 0x0000000000000011 is an unknown value
stack at sp + 5 slots: 0x00007ffc958d96f8 jvm.dll
stack at sp + 6 slots: 0x000002d51163d510 is a thread
stack at sp + 7 slots: 0x0000000800c0eda8 is a pointer to class: 
org.gradle.api.internal.classpath.DefaultModuleRegistry$$Lambda$10/0x0000000800c0eda8 {0x0000000800c0edb0}
 - instance size:     3
 - klass size:        68
 - access:            final synchronized synthetic 
 - state:             fully_initialized
 - name:              'org/gradle/api/internal/classpath/DefaultModuleRegistry$$Lambda$10+0x0000000800c0eda8'
 - super:             'java/lang/Object'
 - sub:               
 - arrays:            NULL
 - methods:           Array<T>(0x000002d52b8475d0)
 - method ordering:   Array<T>(0x00000008008f2908)
 - default_methods:   Array<T>(0x0000000000000000)
 - local interfaces:  Array<T>(0x000002d52b8475a0)
 - trans. interfaces: Array<T>(0x000002d52b8475a0)
 - constants:         constant pool [32] {0x000002d52b847430} for 'org/gradle/api/internal/classpath/DefaultModuleRegistry$$Lambda$10+0x0000000800c0eda8' cache=0x000002d52b847718
 - class loader data:  loader data: 0x000002d52b26a280 for instance a 'java/net/URLClassLoader'{0x00000000ffd8baf0}
 - class annotations:       Array<T>(0x0000000000000000)
 - class type annotations:  Array<T>(0x0000000000000000)
 - field annotations:       Array<T>(0x0000000000000000)
 - field type annotations:  Array<T>(0x0000000000000000)
 - inner classes:     Array<T>(0x00000008005cf790)
 - nest members:     Array<T>(0x00000008005cf790)
 - permitted subclasses:     Array<T>(0x00000008005cf790)
 - java mirror:       a 'java/lang/Class'{0x00000000ffb21668} = 'org/gradle/api/internal/classpath/DefaultModuleRegistry$$Lambda$10+0x0000000800c0eda8'
 - vtable length      5  (start addr: 0x0000000800c0ef70)
 - itable length      5 (start addr: 0x0000000800c0ef98)
 - ---- static fields (0 words):
 - ---- non-static fields (2 words):
 - private final 'arg$1' 'Lorg/gradle/api/internal/classpath/DefaultModuleRegistry;' @12 
 - private final 'arg$2' 'Ljava/lang/String;' @16 
 - non-static oop maps: 12-16 

--------------------------------------------------------------------------------
[Constant Pool (empty)]

--------------------------------------------------------------------------------

[MachCode]
  0x000002d5194df1e0: 448b 5208 | 49bb 0000 | 0000 0800 | 0000 4d03 | d34c 3bd0 | 0f85 86d8 | a2ff 660f | 1f44 0000 
  0x000002d5194df200: 8984 2400 | 90ff ff55 | 4881 ecd0 | 0000 0048 | 8954 2460 | 4c89 8424 | 8000 0000 | 48be 90a7 
  0x000002d5194df220: 4e2b d502 | 0000 8bbe | cc00 0000 | 83c7 0289 | becc 0000 | 0081 e7fe | 0700 0083 | ff00 0f84 
  0x000002d5194df240: ac07 0000 | 48be 0000 | 0000 0000 | 0000 48bf | 0000 0000 | 0000 0000 | 48bb 0000 | 0000 0000 
  0x000002d5194df260: 0000 48b8 | 0000 0000 | 0000 0000 | 4889 7424 | 7048 897c | 2478 4889 | 9c24 8800 | 0000 4889 
  0x000002d5194df280: 4424 680f | 1f44 0000 | 488b ca49 | b990 a74e | 2bd5 0200 | 0049 8381 | 1001 0000 | 0149 8bc8 
  0x000002d5194df2a0: 4c8b c14c | 8bca 498b | d166 0f1f | 4400 00e8 | 9109 0000 | 4c8b c048 | 8b54 2460 | 8b5a 3448 
  0x000002d5194df2c0: 8b44 2468 | 4883 f800 | 48be 90a7 | 4e2b d502 | 0000 48bf | 4801 0000 | 0000 0000 | 0f85 0a00 
  0x000002d5194df2e0: 0000 48bf | 5801 0000 | 0000 0000 | 488b 0c3e | 488d 4901 | 4889 0c3e | 0f85 1f00 | 0000 48be 
  0x000002d5194df300: 90a7 4e2b | d502 0000 | ff86 6801 | 0000 488b | 7424 7048 | 8b7c 2478 | e954 0400 | 0048 8b74 
  0x000002d5194df320: 2470 4883 | fe00 48bf | 90a7 4e2b | d502 0000 | 48b9 9001 | 0000 0000 | 0000 0f84 | 0a00 0000 
  0x000002d5194df340: 48b9 8001 | 0000 0000 | 0000 4c8b | 0c0f 4d8d | 4901 4c89 | 0c0f 0f84 | 1000 0000 | 4c8b e84c 
  0x000002d5194df360: 8b8c 2480 | 0000 00e9 | 7401 0000 | 4c8b 8c24 | 8000 0000 | 48ba 303d | 2600 0800 | 0000 4c8b 
  0x000002d5194df380: e849 8b87 | 0801 0000 | 488d 7810 | 493b bf18 | 0100 000f | 8778 0600 | 0049 89bf | 0801 0000 
  0x000002d5194df3a0: 48c7 0001 | 0000 0048 | 8bca 49ba | 0000 0000 | 0800 0000 | 492b ca89 | 4808 4833 | c989 480c 
  0x000002d5194df3c0: 4833 c948 | 8bd0 48be | 90a7 4e2b | d502 0000 | 4883 86a0 | 0100 0001 | 48ba f8dd | 512b d502 
  0x000002d5194df3e0: 0000 8bb2 | cc00 0000 | 83c6 0289 | b2cc 0000 | 0081 e6fe | ff1f 0083 | fe00 0f84 | 1e06 0000 
  0x000002d5194df400: 488b d048 | bef8 dd51 | 2bd5 0200 | 0048 8386 | 1001 0000 | 0148 ba48 | 604e 2bd5 | 0200 008b 
  0x000002d5194df420: b2cc 0000 | 0083 c602 | 89b2 cc00 | 0000 81e6 | feff 1f00 | 83fe 000f | 8402 0600 | 0048 8bd0 
  0x000002d5194df440: 48be 4860 | 4e2b d502 | 0000 4883 | 8610 0100 | 0001 48ba | c8b3 402b | d502 0000 | 8bb2 cc00 
  0x000002d5194df460: 0000 83c6 | 0289 b2cc | 0000 0081 | e6fe ff1f | 0083 fe00 | 0f84 e605 | 0000 410f | be57 3883 
  0x000002d5194df480: fa00 0f85 | f905 0000 | 49ba a819 | e3ff 0000 | 0000 4489 | 500c 48ba | a819 e3ff | 0000 0000 
  0x000002d5194df4a0: 488b f048 | 33f2 48c1 | ee14 4883 | fe00 0f85 | e805 0000 | 410f be57 | 3883 fa00 | 0f85 f205 
  0x000002d5194df4c0: 0000 4d8b | d144 8950 | 0c48 8bd0 | 4933 d148 | c1ea 1448 | 83fa 000f | 85f2 0500 | 0048 8bf0 
  0x000002d5194df4e0: 4d3b c148 | ba90 a74e | 2bd5 0200 | 0048 bfb0 | 0100 0000 | 0000 000f | 850a 0000 | 0048 bfc0 
  0x000002d5194df500: 0100 0000 | 0000 0048 | 8b04 3a48 | 8d40 0148 | 8904 3a0f | 8520 0000 | 0049 b890 | a74e 2bd5 
  0x000002d5194df520: 0200 0041 | ff80 d001 | 0000 48bb | 0000 0000 | 0000 0000 | e92c 0000 | 0041 0fbe | 5738 83fa 
  0x000002d5194df540: 000f 85a0 | 0500 004c | 8bd6 4489 | 530c 488b | d348 33d6 | 48c1 ea14 | 4883 fa00 | 0f85 a505 
  0x000002d5194df560: 0000 498b | d848 8b7c | 2478 4c3b | ef49 b890 | a74e 2bd5 | 0200 0048 | bae8 0100 | 0000 0000 
  0x000002d5194df580: 000f 850a | 0000 0048 | baf8 0100 | 0000 0000 | 0049 8b04 | 1048 8d40 | 0149 8904 | 1048 89b4 
  0x000002d5194df5a0: 2490 0000 | 000f 8565 | 0000 004c | 896c 2468 | 483b 0748 | 8bcf 49b9 | 90a7 4e2b | d502 0000 
  0x000002d5194df5c0: 4983 8108 | 0200 0001 | 4c8b c348 | 8bd7 4889 | 7c24 780f | 1f40 00e8 | a4d7 a2ff | 48ba 90a7 
  0x000002d5194df5e0: 4e2b d502 | 0000 ff82 | 4002 0000 | 488b b424 | 9000 0000 | 488b 7c24 | 7848 8b9c | 2488 0000 
  0x000002d5194df600: 004c 8b44 | 2468 488b | 5424 60e9 | 6101 0000 | 498b c54d | 8bc1 493b | c048 ba90 | a74e 2bd5 
  0x000002d5194df620: 0200 0048 | be58 0200 | 0000 0000 | 000f 850a | 0000 0048 | be68 0200 | 0000 0000 | 0048 8b3c 
  0x000002d5194df640: 3248 8d7f | 0148 893c | 320f 8527 | 0000 0048 | ba90 a74e | 2bd5 0200 | 00ff 8278 | 0200 0049 
  0x000002d5194df660: b900 0000 | 0000 0000 | 0048 8bb4 | 2490 0000 | 00e9 4400 | 0000 488b | b424 9000 | 0000 4c8b 
  0x000002d5194df680: 9c24 8800 | 0000 410f | be57 3883 | fa00 0f85 | 9004 0000 | 4c8b d645 | 8953 0c49 | 8bd3 4833 
  0x000002d5194df6a0: d648 c1ea | 1448 83fa | 000f 8596 | 0400 004c | 8bc8 4c89 | 9c24 8800 | 0000 48ba | 102f 2600 
  0x000002d5194df6c0: 0800 0000 | 4c8b ee49 | 8b87 0801 | 0000 488d | 7820 493b | bf18 0100 | 000f 877e | 0400 0049 
  0x000002d5194df6e0: 89bf 0901 | 0000 48c7 | 0001 0000 | 0048 8bca | 49ba 0000 | 0000 0800 | 0000 492b | ca89 4808 
  0x000002d5194df700: 4833 c989 | 480c 4833 | c948 8948 | 1048 8948 | 1848 8bf8 | 48ba 90a7 | 4e2b d502 | 0000 4883 
  0x000002d5194df720: 8290 0200 | 0001 4d8b | c14c 8bcb | 498b fd48 | 8bd0 4889 | 8424 9800 | 0000 4c89 | ac24 9000 
  0x000002d5194df740: 0000 0f1f | 4400 00e8 | 34d6 a2ff | 488b b424 | 9000 0000 | 488b 9c24 | 8800 0000 | 488b bc24 
  0x000002d5194df760: 9800 0000 | 4c8b 8424 | 9800 0000 | 488b 5424 | 6048 8bc2 | 48b9 90a7 | 4e2b d502 | 0000 4883 
  0x000002d5194df780: 81a0 0200 | 0001 48b8 | f05c 4e2b | d502 0000 | 8b88 cc00 | 0000 83c1 | 0289 88cc | 0000 0081 
  0x000002d5194df7a0: e1fe ff1f | 0083 f900 | 0f84 bc03 | 0000 8b42 | 508b 4a20 | 3b48 0c0f | 83d8 0300 | 0048 63c9 
  0x000002d5194df7c0: 8b44 8810 | 488b ca49 | b9f0 5c4e | 2bd5 0200 | 0049 8381 | 1001 0000 | 0148 b998 | 474e 2bd5 
  0x000002d5194df7e0: 0200 0044 | 8b89 cc00 | 0000 4183 | c102 4489 | 89cc 0000 | 0041 81e1 | feff 1f00 | 4183 f900 
  0x000002d5194df800: 0f84 9d03 | 0000 8b4a | 1083 e104 | 83f9 0048 | b998 474e | 2bd5 0200 | 0049 b910 | 0100 0000 
  0x000002d5194df820: 0000 000f | 840a 0000 | 0049 b920 | 0100 0000 | 0000 004e | 8b1c 094d | 8d5b 014e | 891c 090f 
  0x000002d5194df840: 841a 0000 | 0048 b998 | 474e 2bd5 | 0200 00ff | 8130 0100 | 00b9 0100 | 0000 e905 | 0000 00b9 
  0x000002d5194df860: 0000 0000 | 83e1 0183 | f900 48b9 | f05c 4e2b | d502 0000 | 49b9 4801 | 0000 0000 | 0000 0f84 
  0x000002d5194df880: 0a00 0000 | 49b9 5801 | 0000 0000 | 0000 4e8b | 1c09 4d8d | 5b01 4e89 | 1c09 4889 | b424 a000 
  0x000002d5194df8a0: 0000 4989 | bc24 a800 | 0000 4889 | 9c24 b000 | 0000 4c89 | 8424 b800 | 0000 0f84 | 2400 0000 
  0x000002d5194df8c0: 488b ca49 | b9f0 5c4e | 2bd5 0200 | 0049 8381 | 6801 0000 | 014c 8bc0 | 488b c248 | 8bd0 90e8 
  0x000002d5194df8e0: 9cd4 a2ff | 83f8 7c48 | ba90 a74e | 2bd5 0200 | 0048 bee8 | 0200 0000 | 0000 000f | 850a 0000 
  0x000002d5194df900: 0048 bed8 | 0200 0000 | 0000 0048 | 8b3c 3248 | 8d7f 0148 | 893c 320f | 85b2 0000 | 0048 8b54 
  0x000002d5194df920: 2460 48b8 | 90a7 4e2b | d502 0000 | 4883 80f8 | 0200 0001 | 488b 5424 | 6066 0f1f | 4400 00e8 
  0x000002d5194df940: 3cd4 a2ff | 48b8 90a7 | 4e2b d502 | 0000 8bb0 | d000 0000 | 83c6 0289 | b0d0 0000 | 0081 e6fe 
  0x000002d5194df960: 3f00 0083 | fe00 0f84 | 5802 0000 | 4d8b 9748 | 0300 0041 | 8502 48b8 | 90a7 4e2b | d502 0000 
  0x000002d5194df980: ff80 3003 | 0000 488b | b424 a000 | 0000 488b | bc24 a800 | 0000 488b | 9c24 b000 | 0000 488b 
  0x000002d5194df9a0: 8424 b800 | 0000 4889 | 7424 7048 | 897c 2478 | 4889 9c24 | 8800 0000 | 4889 4424 | 684c 8b84 
  0x000002d5194df9c0: 2480 0000 | 0048 8b54 | 2460 e9b9 | f8ff ff4c | 8b84 24b8 | 0000 0049 | 8bc0 4881 | c4d0 0000 
  0x000002d5194df9e0: 005d 493b | a740 0300 | 000f 87f6 | 0100 00c3 | 49ba a036 | 0f00 0800 | 0000 4c89 | 5424 0848 
  0x000002d5194dfa00: c704 24ff | ffff ffe8 | 74b1 adff | e933 f8ff | ff48 8bd2 | e867 66ad | ffe9 a5f9 | ffff 49ba 
  0x000002d5194dfa20: 884d 2600 | 0800 0000 | 4c89 5424 | 0848 c704 | 24ff ffff | ffe8 46b1 | adff e9c1 | f9ff ff49 
  0x000002d5194dfa40: ba90 a536 | 0008 0000 | 004c 8954 | 2408 48c7 | 0424 ffff | ffff e825 | b1ad ffe9 | ddf9 ffff 
  0x000002d5194dfa60: 49ba 9849 | 4400 0800 | 0000 4c89 | 5424 0848 | c704 24ff | ffff ffe8 | 04b1 adff | e9f9 f9ff 
  0x000002d5194dfa80: ff8b 500c | 4883 fa00 | 0f84 faf9 | ffff 4889 | 1424 e8e9 | b6ad ffe9 | ecf9 ffff | 4883 fa00 
  0x000002d5194dfaa0: 0f84 0efa | ffff 4889 | 0424 e8d1 | b9ad ffe9 | 00fa ffff | 8b50 0c48 | 83fa 000f | 8401 faff 
  0x000002d5194dfac0: ff48 8914 | 24e8 b6b6 | adff e9f3 | f9ff ff49 | 83f9 000f | 8404 faff | ff48 8904 | 24e8 9eb9 
  0x000002d5194dfae0: adff e9f6 | f9ff ff8b | 530c 4883 | fa00 0f84 | 53fa ffff | 4889 1424 | e883 b6ad | ffe9 45fa 
  0x000002d5194dfb00: ffff e899 | 5cad ff48 | 83fe 000f | 8451 faff | ff48 891c | 24e8 66b9 | adff e943 | faff ffe8 
  0x000002d5194dfb20: 7c5c adff | 418b 530c | 4883 fa00 | 0f84 62fb | ffff 4889 | 1424 e845 | b6ad ffe9 | 54fb ffff 
  0x000002d5194dfb40: e85b 5cad | ff48 83fe | 000f 8460 | fbff ff4c | 891c 24e8 | 28b9 adff | e952 fbff | ff48 8bd2 
  0x000002d5194dfb60: e81b 65ad | ffe9 a7fb | ffff 49ba | e033 0f00 | 0800 0000 | 4c89 5424 | 0848 c704 | 24ff ffff 
  0x000002d5194dfb80: ffe8 faaf | adff e923 | fcff ffe8 | 105c adff | e80b 5cad | ff48 890c | 2448 8944 | 2408 e8fd 
  0x000002d5194dfba0: 4fad ff49 | bac0 3a0f | 0008 0000 | 004c 8954 | 2408 48c7 | 0424 ffff | ffff e8c1 | afad ffe9 
  0x000002d5194dfbc0: 42fc ffff | 49ba a036 | 0f00 0800 | 0000 4c89 | 5424 0848 | c704 248b | 0000 00e8 | a0af adff 
  0x000002d5194dfbe0: e987 fdff | ff49 bae2 | f94d 19d5 | 0200 004d | 8997 5803 | 0000 e905 | 38a3 ffe8 | a05b adff 
  0x000002d5194dfc00: e89b 5bad | ff90 9049 | 8b87 d003 | 0000 49c7 | 87d0 0300 | 0000 0000 | 0049 c787 | d803 0000 
  0x000002d5194dfc20: 0000 0000 | 4881 c4d0 | 0000 005d | e94f 6ca4 | fff4 f4f4 | f4f4 f4f4 | f4f4 f4f4 | f4f4 f4f4 
  0x000002d5194dfc40: 0f1f 4400 | 0048 bb98 | 350f 0008 | 0000 00e9 | 0924 a3ff | 9048 bb00 | 0000 0000 | 0000 00e9 
  0x000002d5194dfc60: fbff ffff | 9048 bb00 | 0000 0000 | 0000 00e9 | fbff ffff | 9048 bb00 | 0000 0000 | 0000 00e9 
  0x000002d5194dfc80: fbff ffff | 9048 bb00 | 0000 0000 | 0000 00e9 | fbff ffff | e8e7 78ad | ff48 b928 | 508c 95fc 
  0x000002d5194dfca0: 7f00 0048 | 83e4 f049 | bab0 6c5a | 95fc 7f00 | 0041 ffd2 | f449 bab5 | fc4d 19d5 | 0200 0041 
  0x000002d5194dfcc0: 52e9 da29 | a3ff f4f4 
[/MachCode]
--------------------------------------------------------------------------------


---------------  P R O C E S S  ---------------

Threads class SMR info:
_java_thread_list=0x000002d52bc1d6b0, length=12, elements={
0x000002d51163d510, 0x000002d52b1a16e0, 0x000002d52b1a2460, 0x000002d52b1b6f00,
0x000002d52b1b97d0, 0x000002d52b1ba090, 0x000002d52b1bad60, 0x000002d52b1bf310,
0x000002d52b1c7cd0, 0x000002d52b1ce9f0, 0x000002d52bc4a4a0, 0x000002d52bc4fc20
}

Java Threads: ( => current thread )
=>0x000002d51163d510 JavaThread "main" [_thread_in_Java, id=12584, stack(0x000000de5cc00000,0x000000de5cd00000)]
  0x000002d52b1a16e0 JavaThread "Reference Handler" daemon [_thread_blocked, id=15224, stack(0x000000de5d300000,0x000000de5d400000)]
  0x000002d52b1a2460 JavaThread "Finalizer" daemon [_thread_blocked, id=17708, stack(0x000000de5d400000,0x000000de5d500000)]
  0x000002d52b1b6f00 JavaThread "Signal Dispatcher" daemon [_thread_blocked, id=15888, stack(0x000000de5d500000,0x000000de5d600000)]
  0x000002d52b1b97d0 JavaThread "Attach Listener" daemon [_thread_blocked, id=3568, stack(0x000000de5d600000,0x000000de5d700000)]
  0x000002d52b1ba090 JavaThread "Service Thread" daemon [_thread_blocked, id=4872, stack(0x000000de5d700000,0x000000de5d800000)]
  0x000002d52b1bad60 JavaThread "Monitor Deflation Thread" daemon [_thread_blocked, id=10712, stack(0x000000de5d800000,0x000000de5d900000)]
  0x000002d52b1bf310 JavaThread "C2 CompilerThread0" daemon [_thread_blocked, id=8668, stack(0x000000de5d900000,0x000000de5da00000)]
  0x000002d52b1c7cd0 JavaThread "C1 CompilerThread0" daemon [_thread_blocked, id=12720, stack(0x000000de5da00000,0x000000de5db00000)]
  0x000002d52b1ce9f0 JavaThread "Sweeper thread" daemon [_thread_blocked, id=3616, stack(0x000000de5db00000,0x000000de5dc00000)]
  0x000002d52bc4a4a0 JavaThread "Notification Thread" daemon [_thread_blocked, id=15068, stack(0x000000de5dc00000,0x000000de5dd00000)]
  0x000002d52bc4fc20 JavaThread "Common-Cleaner" daemon [_thread_blocked, id=15764, stack(0x000000de5de00000,0x000000de5df00000)]

Other Threads:
  0x000002d52b1987b0 VMThread "VM Thread" [stack: 0x000000de5d200000,0x000000de5d300000] [id=16436]
  0x000002d52bc4b980 WatcherThread [stack: 0x000000de5dd00000,0x000000de5de00000] [id=13012]
  0x000002d51165d460 GCTaskThread "GC Thread#0" [stack: 0x000000de5cd00000,0x000000de5ce00000] [id=6368]
  0x000002d51165fac0 ConcurrentGCThread "G1 Main Marker" [stack: 0x000000de5ce00000,0x000000de5cf00000] [id=16568]
  0x000002d511660b80 ConcurrentGCThread "G1 Conc#0" [stack: 0x000000de5cf00000,0x000000de5d000000] [id=16124]
  0x000002d5116c8ea0 ConcurrentGCThread "G1 Refine#0" [stack: 0x000000de5d000000,0x000000de5d100000] [id=17552]
  0x000002d5116c97d0 ConcurrentGCThread "G1 Service" [stack: 0x000000de5d100000,0x000000de5d200000] [id=15960]

Threads with active compile tasks:

VM state: not at safepoint (normal execution)

VM Mutex/Monitor currently owned by a thread: None

Heap address: 0x00000000fc000000, size: 64 MB, Compressed Oops mode: 32-bit

CDS archive(s) mapped at: [0x0000000800000000-0x0000000800bc0000-0x0000000800bc0000), size 12320768, SharedBaseAddress: 0x0000000800000000, ArchiveRelocationMode: 0.
Compressed class space mapped at: 0x0000000800c00000-0x0000000840c00000, reserved size: 1073741824
Narrow klass base: 0x0000000800000000, Narrow klass shift: 0, Narrow klass range: 0x100000000

GC Precious Log:
 CPUs: 12 total, 12 available
 Memory: 16335M
 Large Page Support: Disabled
 NUMA Support: Disabled
 Compressed Oops: Enabled (32-bit)
 Heap Region Size: 1M
 Heap Min Capacity: 64M
 Heap Initial Capacity: 64M
 Heap Max Capacity: 64M
 Pre-touch: Disabled
 Parallel Workers: 10
 Concurrent Workers: 3
 Concurrent Refinement Workers: 10
 Periodic GC: Disabled

Heap:
 garbage-first heap   total 65536K, used 6144K [0x00000000fc000000, 0x0000000100000000)
  region size 1024K, 8 young (8192K), 0 survivors (0K)
 Metaspace       used 1629K, committed 1728K, reserved 1056768K
  class space    used 158K, committed 192K, reserved 1048576K

Heap Regions: E=young(eden), S=young(survivor), O=old, HS=humongous(starts), HC=humongous(continues), CS=collection set, F=free, OA=open archive, CA=closed archive, TAMS=top-at-mark-start (previous, next)
|   0|0x00000000fc000000, 0x00000000fc000000, 0x00000000fc100000|  0%| F|  |TAMS 0x00000000fc000000, 0x00000000fc000000| Untracked 
|   1|0x00000000fc100000, 0x00000000fc100000, 0x00000000fc200000|  0%| F|  |TAMS 0x00000000fc100000, 0x00000000fc100000| Untracked 
|   2|0x00000000fc200000, 0x00000000fc200000, 0x00000000fc300000|  0%| F|  |TAMS 0x00000000fc200000, 0x00000000fc200000| Untracked 
|   3|0x00000000fc300000, 0x00000000fc300000, 0x00000000fc400000|  0%| F|  |TAMS 0x00000000fc300000, 0x00000000fc300000| Untracked 
|   4|0x00000000fc400000, 0x00000000fc400000, 0x00000000fc500000|  0%| F|  |TAMS 0x00000000fc400000, 0x00000000fc400000| Untracked 
|   5|0x00000000fc500000, 0x00000000fc500000, 0x00000000fc600000|  0%| F|  |TAMS 0x00000000fc500000, 0x00000000fc500000| Untracked 
|   6|0x00000000fc600000, 0x00000000fc600000, 0x00000000fc700000|  0%| F|  |TAMS 0x00000000fc600000, 0x00000000fc600000| Untracked 
|   7|0x00000000fc700000, 0x00000000fc700000, 0x00000000fc800000|  0%| F|  |TAMS 0x00000000fc700000, 0x00000000fc700000| Untracked 
|   8|0x00000000fc800000, 0x00000000fc800000, 0x00000000fc900000|  0%| F|  |TAMS 0x00000000fc800000, 0x00000000fc800000| Untracked 
|   9|0x00000000fc900000, 0x00000000fc900000, 0x00000000fca00000|  0%| F|  |TAMS 0x00000000fc900000, 0x00000000fc900000| Untracked 
|  10|0x00000000fca00000, 0x00000000fca00000, 0x00000000fcb00000|  0%| F|  |TAMS 0x00000000fca00000, 0x00000000fca00000| Untracked 
|  11|0x00000000fcb00000, 0x00000000fcb00000, 0x00000000fcc00000|  0%| F|  |TAMS 0x00000000fcb00000, 0x00000000fcb00000| Untracked 
|  12|0x00000000fcc00000, 0x00000000fcc00000, 0x00000000fcd00000|  0%| F|  |TAMS 0x00000000fcc00000, 0x00000000fcc00000| Untracked 
|  13|0x00000000fcd00000, 0x00000000fcd00000, 0x00000000fce00000|  0%| F|  |TAMS 0x00000000fcd00000, 0x00000000fcd00000| Untracked 
|  14|0x00000000fce00000, 0x00000000fce00000, 0x00000000fcf00000|  0%| F|  |TAMS 0x00000000fce00000, 0x00000000fce00000| Untracked 
|  15|0x00000000fcf00000, 0x00000000fcf00000, 0x00000000fd000000|  0%| F|  |TAMS 0x00000000fcf00000, 0x00000000fcf00000| Untracked 
|  16|0x00000000fd000000, 0x00000000fd000000, 0x00000000fd100000|  0%| F|  |TAMS 0x00000000fd000000, 0x00000000fd000000| Untracked 
|  17|0x00000000fd100000, 0x00000000fd100000, 0x00000000fd200000|  0%| F|  |TAMS 0x00000000fd100000, 0x00000000fd100000| Untracked 
|  18|0x00000000fd200000, 0x00000000fd200000, 0x00000000fd300000|  0%| F|  |TAMS 0x00000000fd200000, 0x00000000fd200000| Untracked 
|  19|0x00000000fd300000, 0x00000000fd300000, 0x00000000fd400000|  0%| F|  |TAMS 0x00000000fd300000, 0x00000000fd300000| Untracked 
|  20|0x00000000fd400000, 0x00000000fd400000, 0x00000000fd500000|  0%| F|  |TAMS 0x00000000fd400000, 0x00000000fd400000| Untracked 
|  21|0x00000000fd500000, 0x00000000fd500000, 0x00000000fd600000|  0%| F|  |TAMS 0x00000000fd500000, 0x00000000fd500000| Untracked 
|  22|0x00000000fd600000, 0x00000000fd600000, 0x00000000fd700000|  0%| F|  |TAMS 0x00000000fd600000, 0x00000000fd600000| Untracked 
|  23|0x00000000fd700000, 0x00000000fd700000, 0x00000000fd800000|  0%| F|  |TAMS 0x00000000fd700000, 0x00000000fd700000| Untracked 
|  24|0x00000000fd800000, 0x00000000fd800000, 0x00000000fd900000|  0%| F|  |TAMS 0x00000000fd800000, 0x00000000fd800000| Untracked 
|  25|0x00000000fd900000, 0x00000000fd900000, 0x00000000fda00000|  0%| F|  |TAMS 0x00000000fd900000, 0x00000000fd900000| Untracked 
|  26|0x00000000fda00000, 0x00000000fda00000, 0x00000000fdb00000|  0%| F|  |TAMS 0x00000000fda00000, 0x00000000fda00000| Untracked 
|  27|0x00000000fdb00000, 0x00000000fdb00000, 0x00000000fdc00000|  0%| F|  |TAMS 0x00000000fdb00000, 0x00000000fdb00000| Untracked 
|  28|0x00000000fdc00000, 0x00000000fdc00000, 0x00000000fdd00000|  0%| F|  |TAMS 0x00000000fdc00000, 0x00000000fdc00000| Untracked 
|  29|0x00000000fdd00000, 0x00000000fdd00000, 0x00000000fde00000|  0%| F|  |TAMS 0x00000000fdd00000, 0x00000000fdd00000| Untracked 
|  30|0x00000000fde00000, 0x00000000fde00000, 0x00000000fdf00000|  0%| F|  |TAMS 0x00000000fde00000, 0x00000000fde00000| Untracked 
|  31|0x00000000fdf00000, 0x00000000fdf00000, 0x00000000fe000000|  0%| F|  |TAMS 0x00000000fdf00000, 0x00000000fdf00000| Untracked 
|  32|0x00000000fe000000, 0x00000000fe000000, 0x00000000fe100000|  0%| F|  |TAMS 0x00000000fe000000, 0x00000000fe000000| Untracked 
|  33|0x00000000fe100000, 0x00000000fe100000, 0x00000000fe200000|  0%| F|  |TAMS 0x00000000fe100000, 0x00000000fe100000| Untracked 
|  34|0x00000000fe200000, 0x00000000fe200000, 0x00000000fe300000|  0%| F|  |TAMS 0x00000000fe200000, 0x00000000fe200000| Untracked 
|  35|0x00000000fe300000, 0x00000000fe300000, 0x00000000fe400000|  0%| F|  |TAMS 0x00000000fe300000, 0x00000000fe300000| Untracked 
|  36|0x00000000fe400000, 0x00000000fe400000, 0x00000000fe500000|  0%| F|  |TAMS 0x00000000fe400000, 0x00000000fe400000| Untracked 
|  37|0x00000000fe500000, 0x00000000fe500000, 0x00000000fe600000|  0%| F|  |TAMS 0x00000000fe500000, 0x00000000fe500000| Untracked 
|  38|0x00000000fe600000, 0x00000000fe600000, 0x00000000fe700000|  0%| F|  |TAMS 0x00000000fe600000, 0x00000000fe600000| Untracked 
|  39|0x00000000fe700000, 0x00000000fe700000, 0x00000000fe800000|  0%| F|  |TAMS 0x00000000fe700000, 0x00000000fe700000| Untracked 
|  40|0x00000000fe800000, 0x00000000fe800000, 0x00000000fe900000|  0%| F|  |TAMS 0x00000000fe800000, 0x00000000fe800000| Untracked 
|  41|0x00000000fe900000, 0x00000000fe900000, 0x00000000fea00000|  0%| F|  |TAMS 0x00000000fe900000, 0x00000000fe900000| Untracked 
|  42|0x00000000fea00000, 0x00000000fea00000, 0x00000000feb00000|  0%| F|  |TAMS 0x00000000fea00000, 0x00000000fea00000| Untracked 
|  43|0x00000000feb00000, 0x00000000feb00000, 0x00000000fec00000|  0%| F|  |TAMS 0x00000000feb00000, 0x00000000feb00000| Untracked 
|  44|0x00000000fec00000, 0x00000000fec00000, 0x00000000fed00000|  0%| F|  |TAMS 0x00000000fec00000, 0x00000000fec00000| Untracked 
|  45|0x00000000fed00000, 0x00000000fed00000, 0x00000000fee00000|  0%| F|  |TAMS 0x00000000fed00000, 0x00000000fed00000| Untracked 
|  46|0x00000000fee00000, 0x00000000fee00000, 0x00000000fef00000|  0%| F|  |TAMS 0x00000000fee00000, 0x00000000fee00000| Untracked 
|  47|0x00000000fef00000, 0x00000000fef00000, 0x00000000ff000000|  0%| F|  |TAMS 0x00000000fef00000, 0x00000000fef00000| Untracked 
|  48|0x00000000ff000000, 0x00000000ff000000, 0x00000000ff100000|  0%| F|  |TAMS 0x00000000ff000000, 0x00000000ff000000| Untracked 
|  49|0x00000000ff100000, 0x00000000ff100000, 0x00000000ff200000|  0%| F|  |TAMS 0x00000000ff100000, 0x00000000ff100000| Untracked 
|  50|0x00000000ff200000, 0x00000000ff200000, 0x00000000ff300000|  0%| F|  |TAMS 0x00000000ff200000, 0x00000000ff200000| Untracked 
|  51|0x00000000ff300000, 0x00000000ff300000, 0x00000000ff400000|  0%| F|  |TAMS 0x00000000ff300000, 0x00000000ff300000| Untracked 
|  52|0x00000000ff400000, 0x00000000ff400000, 0x00000000ff500000|  0%| F|  |TAMS 0x00000000ff400000, 0x00000000ff400000| Untracked 
|  53|0x00000000ff500000, 0x00000000ff500000, 0x00000000ff600000|  0%| F|  |TAMS 0x00000000ff500000, 0x00000000ff500000| Untracked 
|  54|0x00000000ff600000, 0x00000000ff600000, 0x00000000ff700000|  0%| F|  |TAMS 0x00000000ff600000, 0x00000000ff600000| Untracked 
|  55|0x00000000ff700000, 0x00000000ff700000, 0x00000000ff800000|  0%| F|  |TAMS 0x00000000ff700000, 0x00000000ff700000| Untracked 
|  56|0x00000000ff800000, 0x00000000ff8ec2b0, 0x00000000ff900000| 92%| E|  |TAMS 0x00000000ff800000, 0x00000000ff800000| Complete 
|  57|0x00000000ff900000, 0x00000000ffa00000, 0x00000000ffa00000|100%| E|CS|TAMS 0x00000000ff900000, 0x00000000ff900000| Complete 
|  58|0x00000000ffa00000, 0x00000000ffb00000, 0x00000000ffb00000|100%| E|CS|TAMS 0x00000000ffa00000, 0x00000000ffa00000| Complete 
|  59|0x00000000ffb00000, 0x00000000ffc00000, 0x00000000ffc00000|100%| E|CS|TAMS 0x00000000ffb00000, 0x00000000ffb00000| Complete 
|  60|0x00000000ffc00000, 0x00000000ffd00000, 0x00000000ffd00000|100%| E|CS|TAMS 0x00000000ffc00000, 0x00000000ffc00000| Complete 
|  61|0x00000000ffd00000, 0x00000000ffe00000, 0x00000000ffe00000|100%| E|  |TAMS 0x00000000ffd00000, 0x00000000ffd00000| Complete 
|  62|0x00000000ffe00000, 0x00000000fff00000, 0x00000000fff00000|100%| E|CS|TAMS 0x00000000ffe00000, 0x00000000ffe00000| Complete 
|  63|0x00000000fff00000, 0x0000000100000000, 0x0000000100000000|100%| E|CS|TAMS 0x00000000fff00000, 0x00000000fff00000| Complete 

Card table byte_map: [0x000002d5115a0000,0x000002d5115c0000] _byte_map_base: 0x000002d510dc0000

Marking Bits (Prev, Next): (CMBitMap*) 0x000002d51165e990, (CMBitMap*) 0x000002d51165e9d0
 Prev Bits: [0x000002d528410000, 0x000002d528510000)
 Next Bits: [0x000002d528510000, 0x000002d528610000)

Polling page: 0x000002d510e20000

Metaspace:

Usage:
  Non-class:      1.44 MB used.
      Class:    158.55 KB used.
       Both:      1.59 MB used.

Virtual space:
  Non-class space:        8.00 MB reserved,       1.50 MB ( 19%) committed,  1 nodes.
      Class space:        1.00 GB reserved,     192.00 KB ( <1%) committed,  1 nodes.
             Both:        1.01 GB reserved,       1.69 MB ( <1%) committed. 

Chunk freelists:
   Non-Class:  3.69 MB
       Class:  3.69 MB
        Both:  7.38 MB

MaxMetaspaceSize: unlimited
CompressedClassSpaceSize: 1.00 GB
Initial GC threshold: 21.00 MB
Current GC threshold: 21.00 MB
CDS: on
MetaspaceReclaimPolicy: balanced
 - commit_granule_bytes: 65536.
 - commit_granule_words: 8192.
 - virtual_space_node_default_size: 1048576.
 - enlarge_chunks_in_place: 1.
 - new_chunks_are_fully_committed: 0.
 - uncommit_free_chunks: 1.
 - use_allocation_guard: 0.
 - handle_deallocations: 1.


Internal statistics:

num_allocs_failed_limit: 0.
num_arena_births: 12.
num_arena_deaths: 0.
num_vsnodes_births: 2.
num_vsnodes_deaths: 0.
num_space_committed: 27.
num_space_uncommitted: 0.
num_chunks_returned_to_freelist: 0.
num_chunks_taken_from_freelist: 42.
num_chunk_merges: 0.
num_chunk_splits: 20.
num_chunks_enlarged: 17.
num_purges: 0.
num_inconsistent_stats: 0.

CodeHeap 'non-profiled nmethods': size=120000Kb used=123Kb max_used=123Kb free=119877Kb
 bounds [0x000002d520990000, 0x000002d520c00000, 0x000002d527ec0000]
CodeHeap 'profiled nmethods': size=120000Kb used=626Kb max_used=626Kb free=119373Kb
 bounds [0x000002d519460000, 0x000002d5196d0000, 0x000002d520990000]
CodeHeap 'non-nmethods': size=5760Kb used=1119Kb max_used=1134Kb free=4640Kb
 bounds [0x000002d518ec0000, 0x000002d519130000, 0x000002d519460000]
 total_blobs=798 nmethods=398 adapters=313
 compilation: enabled
              stopped_count=0, restarted_count=0
 full_count=0

Compilation events (20 events):
Event: 0.177 Thread 0x000002d52b1c7cd0 nmethod 386 0x000002d5194ef810 code [0x000002d5194ef9e0, 0x000002d5194efd98]
Event: 0.177 Thread 0x000002d52b1c7cd0  389   !   3       java.util.zip.ZipFile$Source::getEntryPos (173 bytes)
Event: 0.178 Thread 0x000002d52b1c7cd0 nmethod 389 0x000002d5194eff90 code [0x000002d5194f0280, 0x000002d5194f1328]
Event: 0.178 Thread 0x000002d52b1c7cd0  387  s    3       jdk.internal.perf.PerfCounter::get (9 bytes)
Event: 0.178 Thread 0x000002d52b1c7cd0 nmethod 387 0x000002d5194f1d10 code [0x000002d5194f1ec0, 0x000002d5194f20c8]
Event: 0.178 Thread 0x000002d52b1bf310 nmethod 377 0x000002d5209ac290 code [0x000002d5209ac420, 0x000002d5209ac638]
Event: 0.178 Thread 0x000002d52b1bf310  378       4       java.util.regex.Matcher::match (154 bytes)
Event: 0.179 Thread 0x000002d52b1c7cd0  392       3       java.util.ArrayDeque::inc (12 bytes)
Event: 0.179 Thread 0x000002d52b1c7cd0 nmethod 392 0x000002d5194f2210 code [0x000002d5194f23a0, 0x000002d5194f24d8]
Event: 0.179 Thread 0x000002d52b1c7cd0  393       3       java.lang.Math::abs (13 bytes)
Event: 0.179 Thread 0x000002d52b1c7cd0 nmethod 393 0x000002d5194f2590 code [0x000002d5194f2720, 0x000002d5194f2898]
Event: 0.181 Thread 0x000002d52b1c7cd0  395       3       java.util.Objects::checkIndex (7 bytes)
Event: 0.181 Thread 0x000002d52b1c7cd0 nmethod 395 0x000002d5194f2910 code [0x000002d5194f2ac0, 0x000002d5194f2cc8]
Event: 0.181 Thread 0x000002d52b1c7cd0  396       3       java.util.regex.Pattern::escape (1327 bytes)
Event: 0.184 Thread 0x000002d52b1bf310 nmethod 378 0x000002d5209acc90 code [0x000002d5209ace60, 0x000002d5209ad368]
Event: 0.184 Thread 0x000002d52b1bf310  391   !   4       java.util.zip.ZipFile$Source::checkAndAddEntry (209 bytes)
Event: 0.185 Thread 0x000002d52b1c7cd0 nmethod 396 0x000002d5194f2e10 code [0x000002d5194f3980, 0x000002d5194face8]
Event: 0.185 Thread 0x000002d52b1c7cd0  398   !   3       java.util.zip.ZipFile$ZipFileInputStream::close (59 bytes)
Event: 0.185 Thread 0x000002d52b1c7cd0 nmethod 398 0x000002d5194fc410 code [0x000002d5194fc5c0, 0x000002d5194fc928]
Event: 0.185 Thread 0x000002d52b1c7cd0  397       1       java.nio.HeapByteBuffer::isDirect (2 bytes)

GC Heap History (0 events):
No events

Deoptimization events (20 events):
Event: 0.142 Thread 0x000002d51163d510 DEOPT PACKING pc=0x000002d519489a7e sp=0x000000de5ccfdfc0
Event: 0.142 Thread 0x000002d51163d510 DEOPT UNPACKING pc=0x000002d518f12b43 sp=0x000000de5ccfd430 mode 0
Event: 0.144 Thread 0x000002d51163d510 DEOPT PACKING pc=0x000002d5194bbc3e sp=0x000000de5ccfdff0
Event: 0.144 Thread 0x000002d51163d510 DEOPT UNPACKING pc=0x000002d518f12b43 sp=0x000000de5ccfd468 mode 0
Event: 0.144 Thread 0x000002d51163d510 DEOPT PACKING pc=0x000002d5194bbc3e sp=0x000000de5ccfdff0
Event: 0.144 Thread 0x000002d51163d510 DEOPT UNPACKING pc=0x000002d518f12b43 sp=0x000000de5ccfd468 mode 0
Event: 0.146 Thread 0x000002d51163d510 DEOPT PACKING pc=0x000002d5194bbc3e sp=0x000000de5ccfdff0
Event: 0.146 Thread 0x000002d51163d510 DEOPT UNPACKING pc=0x000002d518f12b43 sp=0x000000de5ccfd468 mode 0
Event: 0.146 Thread 0x000002d51163d510 DEOPT PACKING pc=0x000002d5194bbc3e sp=0x000000de5ccfdff0
Event: 0.146 Thread 0x000002d51163d510 DEOPT UNPACKING pc=0x000002d518f12b43 sp=0x000000de5ccfd468 mode 0
Event: 0.147 Thread 0x000002d51163d510 DEOPT PACKING pc=0x000002d5194bbc3e sp=0x000000de5ccfdff0
Event: 0.147 Thread 0x000002d51163d510 DEOPT UNPACKING pc=0x000002d518f12b43 sp=0x000000de5ccfd468 mode 0
Event: 0.147 Thread 0x000002d51163d510 DEOPT PACKING pc=0x000002d5194bbc3e sp=0x000000de5ccfdff0
Event: 0.147 Thread 0x000002d51163d510 DEOPT UNPACKING pc=0x000002d518f12b43 sp=0x000000de5ccfd468 mode 0
Event: 0.169 Thread 0x000002d51163d510 DEOPT PACKING pc=0x000002d5194b69f2 sp=0x000000de5ccfe100
Event: 0.169 Thread 0x000002d51163d510 DEOPT UNPACKING pc=0x000002d518f12b43 sp=0x000000de5ccfd5c0 mode 0
Event: 0.169 Thread 0x000002d51163d510 DEOPT PACKING pc=0x000002d5194b69f2 sp=0x000000de5ccfe080
Event: 0.169 Thread 0x000002d51163d510 DEOPT UNPACKING pc=0x000002d518f12b43 sp=0x000000de5ccfd540 mode 0
Event: 0.172 Thread 0x000002d51163d510 DEOPT PACKING pc=0x000002d5194b69f2 sp=0x000000de5ccfe080
Event: 0.172 Thread 0x000002d51163d510 DEOPT UNPACKING pc=0x000002d518f12b43 sp=0x000000de5ccfd540 mode 0

Classes unloaded (0 events):
No events

Classes redefined (0 events):
No events

Internal exceptions (2 events):
Event: 0.110 Thread 0x000002d51163d510 Exception <a 'java/lang/NoSuchMethodError'{0x00000000ffc60290}: 'int java.lang.invoke.DirectMethodHandle$Holder.invokeStaticInit(java.lang.Object, java.lang.Object)'> (0x00000000ffc60290) 
thrown [t:\workspace\open\src\hotspot\share\interpreter\linkResolver.cpp, line 766]
Event: 0.185 Thread 0x000002d51163d510 Implicit null exception at 0x000002d5194df8a2 to 0x0000000000000000

VM Operations (2 events):
Event: 0.046 Executing VM operation: HandshakeAllThreads
Event: 0.046 Executing VM operation: HandshakeAllThreads done

Events (20 events):
Event: 0.101 loading class jdk/internal/access/JavaIOFilePermissionAccess done
Event: 0.101 loading class java/io/FilePermission$1 done
Event: 0.101 loading class java/io/FilePermissionCollection
Event: 0.101 loading class java/io/FilePermissionCollection done
Event: 0.101 loading class java/util/Vector
Event: 0.101 loading class java/util/Vector done
Event: 0.101 loading class java/io/FilePermissionCollection$1
Event: 0.101 loading class java/io/FilePermissionCollection$1 done
Event: 0.103 loading class java/lang/NumberFormatException
Event: 0.103 loading class java/lang/NumberFormatException done
Event: 0.112 loading class java/net/MalformedURLException
Event: 0.112 loading class java/net/MalformedURLException done
Event: 0.113 loading class java/io/FileFilter
Event: 0.113 loading class java/io/FileFilter done
Event: 0.125 loading class java/util/AbstractList$Itr
Event: 0.125 loading class java/util/AbstractList$Itr done
Event: 0.125 loading class java/util/zip/ZipException
Event: 0.125 loading class java/util/zip/ZipException done
Event: 0.134 loading class java/lang/invoke/DirectMethodHandle$Special
Event: 0.134 loading class java/lang/invoke/DirectMethodHandle$Special done


Dynamic libraries:
0x00007ff673070000 - 0x00007ff673080000 	C:\Program Files\Java\jdk-17.0.3.1\bin\java.exe
0x00007ffcdda10000 - 0x00007ffcddc05000 	C:\WINDOWS\SYSTEM32\ntdll.dll
0x00007ffcdc140000 - 0x00007ffcdc1fd000 	C:\WINDOWS\System32\KERNEL32.DLL
0x00007ffcdb5f0000 - 0x00007ffcdb8bd000 	C:\WINDOWS\System32\KERNELBASE.dll
0x00007ffcdb310000 - 0x00007ffcdb410000 	C:\WINDOWS\System32\ucrtbase.dll
0x00007ffcbf950000 - 0x00007ffcbf968000 	C:\Program Files\Java\jdk-17.0.3.1\bin\jli.dll
0x00007ffcbe660000 - 0x00007ffcbe67a000 	C:\Program Files\Java\jdk-17.0.3.1\bin\VCRUNTIME140.dll
0x00007ffcdd220000 - 0x00007ffcdd2ce000 	C:\WINDOWS\System32\ADVAPI32.dll
0x00007ffcdcc70000 - 0x00007ffcdcd0e000 	C:\WINDOWS\System32\msvcrt.dll
0x00007ffcdc320000 - 0x00007ffcdc3bc000 	C:\WINDOWS\System32\sechost.dll
0x00007ffcdcd70000 - 0x00007ffcdce95000 	C:\WINDOWS\System32\RPCRT4.dll
0x00007ffcdd7d0000 - 0x00007ffcdd970000 	C:\WINDOWS\System32\USER32.dll
0x00007ffccab70000 - 0x00007ffccae0a000 	C:\WINDOWS\WinSxS\amd64_microsoft.windows.common-controls_6595b64144ccf1df_6.0.19041.1110_none_60b5254171f9507e\COMCTL32.dll
0x00007ffcdb9e0000 - 0x00007ffcdba02000 	C:\WINDOWS\System32\win32u.dll
0x00007ffcdcc40000 - 0x00007ffcdcc6a000 	C:\WINDOWS\System32\GDI32.dll
0x00007ffcdb4b0000 - 0x00007ffcdb5bb000 	C:\WINDOWS\System32\gdi32full.dll
0x00007ffcd2ec0000 - 0x00007ffcd2eca000 	C:\WINDOWS\SYSTEM32\VERSION.dll
0x00007ffcdb410000 - 0x00007ffcdb4ad000 	C:\WINDOWS\System32\msvcp_win.dll
0x00007ffcdbae0000 - 0x00007ffcdbb10000 	C:\WINDOWS\System32\IMM32.DLL
0x00007ffcc8840000 - 0x00007ffcc884c000 	C:\Program Files\Java\jdk-17.0.3.1\bin\vcruntime140_1.dll
0x00007ffcb4cc0000 - 0x00007ffcb4d4d000 	C:\Program Files\Java\jdk-17.0.3.1\bin\msvcp140.dll
0x00007ffc95000000 - 0x00007ffc95bc0000 	C:\Program Files\Java\jdk-17.0.3.1\bin\server\jvm.dll
0x00007ffcdd210000 - 0x00007ffcdd218000 	C:\WINDOWS\System32\PSAPI.DLL
0x00007ffcc3470000 - 0x00007ffcc3479000 	C:\WINDOWS\SYSTEM32\WSOCK32.dll
0x00007ffcd10d0000 - 0x00007ffcd10f7000 	C:\WINDOWS\SYSTEM32\WINMM.dll
0x00007ffcdcff0000 - 0x00007ffcdd05b000 	C:\WINDOWS\System32\WS2_32.dll
0x00007ffcd9040000 - 0x00007ffcd9052000 	C:\WINDOWS\SYSTEM32\kernel.appcore.dll
0x00007ffcbedf0000 - 0x00007ffcbedfa000 	C:\Program Files\Java\jdk-17.0.3.1\bin\jimage.dll
0x00007ffccb7d0000 - 0x00007ffccb9b4000 	C:\WINDOWS\SYSTEM32\DBGHELP.DLL
0x00007ffcc9f00000 - 0x00007ffcc9f2c000 	C:\WINDOWS\SYSTEM32\dbgcore.DLL
0x00007ffcdb120000 - 0x00007ffcdb1a2000 	C:\WINDOWS\System32\bcryptPrimitives.dll
0x00007ffcbae80000 - 0x00007ffcbaea5000 	C:\Program Files\Java\jdk-17.0.3.1\bin\java.dll
0x00007ffc9bec0000 - 0x00007ffc9bf96000 	C:\Program Files\Java\jdk-17.0.3.1\bin\jsvml.dll
0x00007ffcdc470000 - 0x00007ffcdcbb4000 	C:\WINDOWS\System32\SHELL32.dll
0x00007ffcd9240000 - 0x00007ffcd99d4000 	C:\WINDOWS\SYSTEM32\windows.storage.dll
0x00007ffcdd410000 - 0x00007ffcdd764000 	C:\WINDOWS\System32\combase.dll
0x00007ffcdab80000 - 0x00007ffcdabac000 	C:\WINDOWS\SYSTEM32\Wldp.dll
0x00007ffcdcf40000 - 0x00007ffcdcfed000 	C:\WINDOWS\System32\SHCORE.dll
0x00007ffcdcd10000 - 0x00007ffcdcd65000 	C:\WINDOWS\System32\shlwapi.dll
0x00007ffcdb060000 - 0x00007ffcdb07f000 	C:\WINDOWS\SYSTEM32\profapi.dll
0x00007ffcbe610000 - 0x00007ffcbe629000 	C:\Program Files\Java\jdk-17.0.3.1\bin\net.dll
0x00007ffcd3c10000 - 0x00007ffcd3d1a000 	C:\WINDOWS\SYSTEM32\WINHTTP.dll
0x00007ffcda8e0000 - 0x00007ffcda94a000 	C:\WINDOWS\system32\mswsock.dll
0x00007ffcbb330000 - 0x00007ffcbb346000 	C:\Program Files\Java\jdk-17.0.3.1\bin\nio.dll
0x00007ffcbb220000 - 0x00007ffcbb238000 	C:\Program Files\Java\jdk-17.0.3.1\bin\zip.dll

dbghelp: loaded successfully - version: 4.0.5 - missing functions: none
symbol engine: initialized successfully - sym options: 0x614 - pdb path: .;C:\Program Files\Java\jdk-17.0.3.1\bin;C:\WINDOWS\SYSTEM32;C:\WINDOWS\WinSxS\amd64_microsoft.windows.common-controls_6595b64144ccf1df_6.0.19041.1110_none_60b5254171f9507e;C:\Program Files\Java\jdk-17.0.3.1\bin\server

VM Arguments:
jvm_args: -Xmx64m -Xms64m -Dorg.gradle.appname=gradlew 
java_command: org.gradle.wrapper.GradleWrapperMain genSource
java_class_path (initial): C:\Users\benny\OneDrive\Desktop\Zorras Addon\\gradle\wrapper\gradle-wrapper.jar
Launcher Type: SUN_STANDARD

[Global flags]
     intx CICompilerCount                          = 4                                         {product} {ergonomic}
     uint ConcGCThreads                            = 3                                         {product} {ergonomic}
     uint G1ConcRefinementThreads                  = 10                                        {product} {ergonomic}
   size_t G1HeapRegionSize                         = 1048576                                   {product} {ergonomic}
    uintx GCDrainStackTargetSize                   = 64                                        {product} {ergonomic}
   size_t InitialHeapSize                          = 67108864                                  {product} {command line}
   size_t MarkStackSize                            = 4194304                                   {product} {ergonomic}
   size_t MaxHeapSize                              = 67108864                                  {product} {command line}
   size_t MaxNewSize                               = 39845888                                  {product} {ergonomic}
   size_t MinHeapDeltaBytes                        = 1048576                                   {product} {ergonomic}
   size_t MinHeapSize                              = 67108864                                  {product} {command line}
    uintx NonNMethodCodeHeapSize                   = 5839372                                {pd product} {ergonomic}
    uintx NonProfiledCodeHeapSize                  = 122909434                              {pd product} {ergonomic}
    uintx ProfiledCodeHeapSize                     = 122909434                              {pd product} {ergonomic}
    uintx ReservedCodeCacheSize                    = 251658240                              {pd product} {ergonomic}
     bool SegmentedCodeCache                       = true                                      {product} {ergonomic}
   size_t SoftMaxHeapSize                          = 67108864                               {manageable} {ergonomic}
     bool UseCompressedClassPointers               = true                           {product lp64_product} {ergonomic}
     bool UseCompressedOops                        = true                           {product lp64_product} {ergonomic}
     bool UseG1GC                                  = true                                      {product} {ergonomic}
     bool UseLargePagesIndividualAllocation        = false                                  {pd product} {ergonomic}

Logging:
Log output configuration:
 #0: stdout all=warning uptime,level,tags
 #1: stderr all=off uptime,level,tags

Environment Variables:
JAVA_HOME=C:\Program Files\Java\jdk-17.0.3.1
CLASSPATH=C:\Users\benny\OneDrive\Desktop\Zorras Addon\\gradle\wrapper\gradle-wrapper.jar
PATH=C:\Program Files\Common Files\Oracle\Java\javapath;C:\Users\benny\AppData\Local\Microsoft\WindowsApps;C:\Users\benny\AppData\Roaming\npm;C:\Users\benny\AppData\Local\Programs\Microsoft VS Code\bin;C:\Users\benny\AppData\Local\GitHubDesktop\bin;C:\Users\benny\AppData\Local\Microsoft\WindowsApps;C:\Hugo\bin;C:\Program Files\Java\jdk-17.0.3.1\bin;C:\Users\benny\AppData\Local\Microsoft\WindowsApps;C:\Users\benny\AppData\Local\Microsoft\WindowsApps;C:\Hugo\bin;C:\Users\benny\AppData\Local\Programs\Microsoft VS Code\bin
USERNAME=benny
LANG=en_US.UTF-8
OS=Windows_NT
PROCESSOR_IDENTIFIER=AMD64 Family 23 Model 8 Stepping 2, AuthenticAMD



---------------  S Y S T E M  ---------------

OS:
 Windows 10 , 64 bit Build 19041 (10.0.19041.1706)
OS uptime: 0 days 2:24 hours

CPU: total 12 (initial active 12) (12 cores per cpu, 2 threads per core) family 23 model 8 stepping 2 microcode 0x0, cx8, cmov, fxsr, ht, mmx, 3dnowpref, sse, sse2, sse3, ssse3, sse4a, sse4.1, sse4.2, popcnt, lzcnt, tsc, tscinvbit, avx, avx2, aes, clmul, bmi1, bmi2, adx, sha, fma, vzeroupper, clflush, clflushopt

Memory: 4k page, system-wide physical 16335M (5776M free)
TotalPageFile size 21678M (AvailPageFile size 4298M)
current process WorkingSet (physical memory assigned to process): 42M, peak: 42M
current process commit charge ("private bytes"): 151M, peak: 151M

vm_info: Java HotSpot(TM) 64-Bit Server VM (17.0.3.1+2-LTS-6) for windows-amd64 JRE (17.0.3.1+2-LTS-6), built on Apr 25 2022 22:04:21 by "mach5one" with MS VC++ 16.8 / 16.9 (VS2019)

END.
